<?xml version="1.0" encoding="UTF-8"?>
<testng-results ignored="0" total="4" passed="2" failed="2" skipped="0">
  <reporter-output>
  </reporter-output>
  <suite started-at="2022-03-05T15:09:24 IST" name="Default suite" finished-at="2022-03-05T15:11:01 IST" duration-ms="97652">
    <groups>
    </groups>
    <test started-at="2022-03-05T15:09:24 IST" name="Default test" finished-at="2022-03-05T15:11:01 IST" duration-ms="97652">
      <class name="com.jp.qa.testcases.HomepageTest">
        <test-method is-config="true" signature="extendreport()[pri:0, instance:com.jp.qa.testcases.HomepageTest@e350b40]" started-at="2022-03-05T15:09:23 IST" name="extendreport" finished-at="2022-03-05T15:09:24 IST" duration-ms="769" status="PASS">
          <reporter-output>
          </reporter-output>
        </test-method> <!-- extendreport -->
        <test-method is-config="true" signature="browsersetup()[pri:0, instance:com.jp.qa.testcases.HomepageTest@e350b40]" started-at="2022-03-05T15:09:24 IST" name="browsersetup" finished-at="2022-03-05T15:09:28 IST" duration-ms="4686" status="PASS">
          <reporter-output>
          </reporter-output>
        </test-method> <!-- browsersetup -->
        <test-method is-config="true" signature="setup()[pri:0, instance:com.jp.qa.testcases.HomepageTest@e350b40]" started-at="2022-03-05T15:09:28 IST" name="setup" finished-at="2022-03-05T15:09:28 IST" duration-ms="26" status="PASS">
          <reporter-output>
          </reporter-output>
        </test-method> <!-- setup -->
        <test-method signature="homePageTitleTest()[pri:1, instance:com.jp.qa.testcases.HomepageTest@e350b40]" started-at="2022-03-05T15:09:28 IST" name="homePageTitleTest" finished-at="2022-03-05T15:09:41 IST" duration-ms="13093" status="PASS">
          <reporter-output>
          </reporter-output>
        </test-method> <!-- homePageTitleTest -->
        <test-method is-config="true" signature="AfterMethod(org.testng.ITestResult)[pri:0, instance:com.jp.qa.testcases.HomepageTest@e350b40]" started-at="2022-03-05T15:09:41 IST" name="AfterMethod" finished-at="2022-03-05T15:09:42 IST" duration-ms="283" status="PASS">
          <params>
            <param index="0">
              <value>
                <![CDATA[[TestResult name=homePageTitleTest status=SUCCESS method=HomepageTest.homePageTitleTest()[pri:1, instance:com.jp.qa.testcases.HomepageTest@e350b40] output={null}]]]>
              </value>
            </param>
          </params>
          <reporter-output>
          </reporter-output>
        </test-method> <!-- AfterMethod -->
        <test-method is-config="true" signature="browsersetup()[pri:0, instance:com.jp.qa.testcases.HomepageTest@e350b40]" started-at="2022-03-05T15:09:42 IST" name="browsersetup" finished-at="2022-03-05T15:09:45 IST" duration-ms="2885" status="PASS">
          <reporter-output>
          </reporter-output>
        </test-method> <!-- browsersetup -->
        <test-method is-config="true" signature="setup()[pri:0, instance:com.jp.qa.testcases.HomepageTest@e350b40]" started-at="2022-03-05T15:09:45 IST" name="setup" finished-at="2022-03-05T15:09:45 IST" duration-ms="7" status="PASS">
          <reporter-output>
          </reporter-output>
        </test-method> <!-- setup -->
        <test-method signature="blanksearch()[pri:2, instance:com.jp.qa.testcases.HomepageTest@e350b40]" started-at="2022-03-05T15:09:45 IST" name="blanksearch" finished-at="2022-03-05T15:10:01 IST" duration-ms="16137" status="PASS">
          <reporter-output>
          </reporter-output>
        </test-method> <!-- blanksearch -->
        <test-method is-config="true" signature="AfterMethod(org.testng.ITestResult)[pri:0, instance:com.jp.qa.testcases.HomepageTest@e350b40]" started-at="2022-03-05T15:10:01 IST" name="AfterMethod" finished-at="2022-03-05T15:10:01 IST" duration-ms="189" status="PASS">
          <params>
            <param index="0">
              <value>
                <![CDATA[[TestResult name=blanksearch status=SUCCESS method=HomepageTest.blanksearch()[pri:2, instance:com.jp.qa.testcases.HomepageTest@e350b40] output={null}]]]>
              </value>
            </param>
          </params>
          <reporter-output>
          </reporter-output>
        </test-method> <!-- AfterMethod -->
        <test-method is-config="true" signature="browsersetup()[pri:0, instance:com.jp.qa.testcases.HomepageTest@e350b40]" started-at="2022-03-05T15:10:01 IST" name="browsersetup" finished-at="2022-03-05T15:10:03 IST" duration-ms="2022" status="PASS">
          <reporter-output>
          </reporter-output>
        </test-method> <!-- browsersetup -->
        <test-method is-config="true" signature="setup()[pri:0, instance:com.jp.qa.testcases.HomepageTest@e350b40]" started-at="2022-03-05T15:10:03 IST" name="setup" finished-at="2022-03-05T15:10:03 IST" duration-ms="2" status="PASS">
          <reporter-output>
          </reporter-output>
        </test-method> <!-- setup -->
        <test-method signature="searchTestWithoutFlight()[pri:3, instance:com.jp.qa.testcases.HomepageTest@e350b40]" started-at="2022-03-05T15:10:03 IST" name="searchTestWithoutFlight" finished-at="2022-03-05T15:10:34 IST" duration-ms="30593" status="FAIL">
          <exception class="org.openqa.selenium.ElementClickInterceptedException">
            <message>
              <![CDATA[element click intercepted: Element <input _ngcontent-serverapp-c79="" matinput="" formcontrolname="JourneyDate" id="tour-start-end" placeholder="MM/DD/YYYY" onkeypress="return false;" autocomplete="off" class="mat-input-element mat-form-field-autofill-control mat-datepicker-input form-control ng-untouched ng-pristine cdk-text-field-autofill-monitored ng-valid" data-placeholder="MM/DD/YYYY" aria-invalid="false" aria-required="false" aria-haspopup="dialog" data-mat-calendar="mat-datepicker-0" min="2022-03-12T15:10:19+05:30" max="2022-03-31T23:59:59+05:30"> is not clickable at point (213, 579). Other element would receive the click: <div id="menu" class="navbar-collapse collapse justify-content-end borderBottom menu-open">...</div>
  (Session info: headless chrome=99.0.4844.51)
Build info: version: '4.1.1', revision: 'e8fcc2cecf'
System info: host: 'DESKTOP-V39IGI5', ip: '192.168.124.1', os.name: 'Windows 10', os.arch: 'amd64', os.version: '10.0', java.version: '17.0.1'
Driver info: org.openqa.selenium.chrome.ChromeDriver
Command: [f3da9edbf0e4c246ab1e17dd06a689f2, clickElement {id=3e6b0187-5adc-45ae-a9dc-ee350dc3ca5c}]
Capabilities {acceptInsecureCerts: false, browserName: chrome, browserVersion: 99.0.4844.51, chrome: {chromedriverVersion: 99.0.4844.51 (d537ec02474b5..., userDataDir: C:\Users\PRATIK~1\AppData\L...}, goog:chromeOptions: {debuggerAddress: localhost:57359}, javascriptEnabled: true, networkConnectionEnabled: false, pageLoadStrategy: normal, platform: WINDOWS, platformName: WINDOWS, proxy: Proxy(), se:cdp: ws://localhost:57359/devtoo..., se:cdpVersion: 99.0.4844.51, setWindowRect: true, strictFileInteractability: false, timeouts: {implicit: 0, pageLoad: 300000, script: 30000}, unhandledPromptBehavior: dismiss and notify, webauthn:extension:credBlob: true, webauthn:extension:largeBlob: true, webauthn:virtualAuthenticators: true}
Element: [[ChromeDriver: chrome on WINDOWS (f3da9edbf0e4c246ab1e17dd06a689f2)] -> id: tour-start-end]
Session ID: f3da9edbf0e4c246ab1e17dd06a689f2]]>
            </message>
            <full-stacktrace>
              <![CDATA[org.openqa.selenium.ElementClickInterceptedException: element click intercepted: Element <input _ngcontent-serverapp-c79="" matinput="" formcontrolname="JourneyDate" id="tour-start-end" placeholder="MM/DD/YYYY" onkeypress="return false;" autocomplete="off" class="mat-input-element mat-form-field-autofill-control mat-datepicker-input form-control ng-untouched ng-pristine cdk-text-field-autofill-monitored ng-valid" data-placeholder="MM/DD/YYYY" aria-invalid="false" aria-required="false" aria-haspopup="dialog" data-mat-calendar="mat-datepicker-0" min="2022-03-12T15:10:19+05:30" max="2022-03-31T23:59:59+05:30"> is not clickable at point (213, 579). Other element would receive the click: <div id="menu" class="navbar-collapse collapse justify-content-end borderBottom menu-open">...</div>
  (Session info: headless chrome=99.0.4844.51)
Build info: version: '4.1.1', revision: 'e8fcc2cecf'
System info: host: 'DESKTOP-V39IGI5', ip: '192.168.124.1', os.name: 'Windows 10', os.arch: 'amd64', os.version: '10.0', java.version: '17.0.1'
Driver info: org.openqa.selenium.chrome.ChromeDriver
Command: [f3da9edbf0e4c246ab1e17dd06a689f2, clickElement {id=3e6b0187-5adc-45ae-a9dc-ee350dc3ca5c}]
Capabilities {acceptInsecureCerts: false, browserName: chrome, browserVersion: 99.0.4844.51, chrome: {chromedriverVersion: 99.0.4844.51 (d537ec02474b5..., userDataDir: C:\Users\PRATIK~1\AppData\L...}, goog:chromeOptions: {debuggerAddress: localhost:57359}, javascriptEnabled: true, networkConnectionEnabled: false, pageLoadStrategy: normal, platform: WINDOWS, platformName: WINDOWS, proxy: Proxy(), se:cdp: ws://localhost:57359/devtoo..., se:cdpVersion: 99.0.4844.51, setWindowRect: true, strictFileInteractability: false, timeouts: {implicit: 0, pageLoad: 300000, script: 30000}, unhandledPromptBehavior: dismiss and notify, webauthn:extension:credBlob: true, webauthn:extension:largeBlob: true, webauthn:virtualAuthenticators: true}
Element: [[ChromeDriver: chrome on WINDOWS (f3da9edbf0e4c246ab1e17dd06a689f2)] -> id: tour-start-end]
Session ID: f3da9edbf0e4c246ab1e17dd06a689f2
at java.base/jdk.internal.reflect.NativeConstructorAccessorImpl.newInstance0(Native Method)
at java.base/jdk.internal.reflect.NativeConstructorAccessorImpl.newInstance(NativeConstructorAccessorImpl.java:77)
at java.base/jdk.internal.reflect.DelegatingConstructorAccessorImpl.newInstance(DelegatingConstructorAccessorImpl.java:45)
at java.base/java.lang.reflect.Constructor.newInstanceWithCaller(Constructor.java:499)
at java.base/java.lang.reflect.Constructor.newInstance(Constructor.java:480)
at org.openqa.selenium.remote.codec.w3c.W3CHttpResponseCodec.createException(W3CHttpResponseCodec.java:200)
at org.openqa.selenium.remote.codec.w3c.W3CHttpResponseCodec.decode(W3CHttpResponseCodec.java:133)
at org.openqa.selenium.remote.codec.w3c.W3CHttpResponseCodec.decode(W3CHttpResponseCodec.java:53)
at org.openqa.selenium.remote.HttpCommandExecutor.execute(HttpCommandExecutor.java:184)
at org.openqa.selenium.remote.service.DriverCommandExecutor.invokeExecute(DriverCommandExecutor.java:167)
at org.openqa.selenium.remote.service.DriverCommandExecutor.execute(DriverCommandExecutor.java:142)
at org.openqa.selenium.remote.RemoteWebDriver.execute(RemoteWebDriver.java:543)
at org.openqa.selenium.remote.RemoteWebElement.execute(RemoteWebElement.java:251)
at org.openqa.selenium.remote.RemoteWebElement.click(RemoteWebElement.java:77)
at java.base/jdk.internal.reflect.NativeMethodAccessorImpl.invoke0(Native Method)
at java.base/jdk.internal.reflect.NativeMethodAccessorImpl.invoke(NativeMethodAccessorImpl.java:77)
at java.base/jdk.internal.reflect.DelegatingMethodAccessorImpl.invoke(DelegatingMethodAccessorImpl.java:43)
at java.base/java.lang.reflect.Method.invoke(Method.java:568)
at org.openqa.selenium.support.pagefactory.internal.LocatingElementHandler.invoke(LocatingElementHandler.java:52)
at jdk.proxy2/jdk.proxy2.$Proxy19.click(Unknown Source)
at com.jp.qa.pages.Homepage.calendarDate(Homepage.java:110)
at com.jp.qa.pages.Homepage.searching_with_des(Homepage.java:150)
at com.jp.qa.testcases.HomepageTest.searchTestWithoutFlight(HomepageTest.java:64)
at java.base/jdk.internal.reflect.NativeMethodAccessorImpl.invoke0(Native Method)
at java.base/jdk.internal.reflect.NativeMethodAccessorImpl.invoke(NativeMethodAccessorImpl.java:77)
at java.base/jdk.internal.reflect.DelegatingMethodAccessorImpl.invoke(DelegatingMethodAccessorImpl.java:43)
at java.base/java.lang.reflect.Method.invoke(Method.java:568)
at org.testng.internal.MethodInvocationHelper.invokeMethod(MethodInvocationHelper.java:133)
at org.testng.internal.TestInvoker.invokeMethod(TestInvoker.java:598)
at org.testng.internal.TestInvoker.invokeTestMethod(TestInvoker.java:173)
at org.testng.internal.MethodRunner.runInSequence(MethodRunner.java:46)
at org.testng.internal.TestInvoker$MethodInvocationAgent.invoke(TestInvoker.java:824)
at org.testng.internal.TestInvoker.invokeTestMethods(TestInvoker.java:146)
at org.testng.internal.TestMethodWorker.invokeTestMethods(TestMethodWorker.java:146)
at org.testng.internal.TestMethodWorker.run(TestMethodWorker.java:128)
at java.base/java.util.ArrayList.forEach(ArrayList.java:1511)
at org.testng.TestRunner.privateRun(TestRunner.java:794)
at org.testng.TestRunner.run(TestRunner.java:596)
at org.testng.SuiteRunner.runTest(SuiteRunner.java:377)
at org.testng.SuiteRunner.runSequentially(SuiteRunner.java:371)
at org.testng.SuiteRunner.privateRun(SuiteRunner.java:332)
at org.testng.SuiteRunner.run(SuiteRunner.java:276)
at org.testng.SuiteRunnerWorker.runSuite(SuiteRunnerWorker.java:53)
at org.testng.SuiteRunnerWorker.run(SuiteRunnerWorker.java:96)
at org.testng.TestNG.runSuitesSequentially(TestNG.java:1212)
at org.testng.TestNG.runSuitesLocally(TestNG.java:1134)
at org.testng.TestNG.runSuites(TestNG.java:1063)
at org.testng.TestNG.run(TestNG.java:1031)
at org.testng.remote.AbstractRemoteTestNG.run(AbstractRemoteTestNG.java:115)
at org.testng.remote.RemoteTestNG.initAndRun(RemoteTestNG.java:251)
at org.testng.remote.RemoteTestNG.main(RemoteTestNG.java:77)
]]>
            </full-stacktrace>
          </exception> <!-- org.openqa.selenium.ElementClickInterceptedException -->
          <reporter-output>
          </reporter-output>
        </test-method> <!-- searchTestWithoutFlight -->
        <test-method is-config="true" signature="AfterMethod(org.testng.ITestResult)[pri:0, instance:com.jp.qa.testcases.HomepageTest@e350b40]" started-at="2022-03-05T15:10:34 IST" name="AfterMethod" finished-at="2022-03-05T15:10:43 IST" duration-ms="9459" status="PASS">
          <params>
            <param index="0">
              <value>
                <![CDATA[[TestResult name=searchTestWithoutFlight status=FAILURE method=HomepageTest.searchTestWithoutFlight()[pri:3, instance:com.jp.qa.testcases.HomepageTest@e350b40] output={null}]]]>
              </value>
            </param>
          </params>
          <reporter-output>
          </reporter-output>
        </test-method> <!-- AfterMethod -->
        <test-method is-config="true" signature="browsersetup()[pri:0, instance:com.jp.qa.testcases.HomepageTest@e350b40]" started-at="2022-03-05T15:10:43 IST" name="browsersetup" finished-at="2022-03-05T15:10:45 IST" duration-ms="1840" status="PASS">
          <reporter-output>
          </reporter-output>
        </test-method> <!-- browsersetup -->
        <test-method is-config="true" signature="setup()[pri:0, instance:com.jp.qa.testcases.HomepageTest@e350b40]" started-at="2022-03-05T15:10:45 IST" name="setup" finished-at="2022-03-05T15:10:45 IST" duration-ms="2" status="PASS">
          <reporter-output>
          </reporter-output>
        </test-method> <!-- setup -->
        <test-method signature="searchTestWithFlight()[pri:4, instance:com.jp.qa.testcases.HomepageTest@e350b40]" started-at="2022-03-05T15:10:45 IST" name="searchTestWithFlight" finished-at="2022-03-05T15:10:51 IST" duration-ms="6161" status="FAIL">
          <exception class="org.openqa.selenium.ElementClickInterceptedException">
            <message>
              <![CDATA[element click intercepted: Element <input _ngcontent-serverapp-c79="" formcontrolname="origincity" id="origincityid" type="text" placeholder="Origin City" class="mat-autocomplete-trigger form-control ng-untouched ng-pristine ng-valid" autocomplete="off" role="combobox" aria-autocomplete="list" aria-expanded="false" aria-haspopup="true"> is not clickable at point (213, 494). Other element would receive the click: <div id="menu" class="navbar-collapse collapse justify-content-end borderBottom menu-open">...</div>
  (Session info: headless chrome=99.0.4844.51)
Build info: version: '4.1.1', revision: 'e8fcc2cecf'
System info: host: 'DESKTOP-V39IGI5', ip: '192.168.124.1', os.name: 'Windows 10', os.arch: 'amd64', os.version: '10.0', java.version: '17.0.1'
Driver info: org.openqa.selenium.chrome.ChromeDriver
Command: [b4e9e5e211e665892f5a21ed89e017ea, clickElement {id=8f0bc4ce-b6a1-41e8-97ee-1be97c9f8d90}]
Capabilities {acceptInsecureCerts: false, browserName: chrome, browserVersion: 99.0.4844.51, chrome: {chromedriverVersion: 99.0.4844.51 (d537ec02474b5..., userDataDir: C:\Users\PRATIK~1\AppData\L...}, goog:chromeOptions: {debuggerAddress: localhost:57394}, javascriptEnabled: true, networkConnectionEnabled: false, pageLoadStrategy: normal, platform: WINDOWS, platformName: WINDOWS, proxy: Proxy(), se:cdp: ws://localhost:57394/devtoo..., se:cdpVersion: 99.0.4844.51, setWindowRect: true, strictFileInteractability: false, timeouts: {implicit: 0, pageLoad: 300000, script: 30000}, unhandledPromptBehavior: dismiss and notify, webauthn:extension:credBlob: true, webauthn:extension:largeBlob: true, webauthn:virtualAuthenticators: true}
Element: [[ChromeDriver: chrome on WINDOWS (b4e9e5e211e665892f5a21ed89e017ea)] -> id: origincityid]
Session ID: b4e9e5e211e665892f5a21ed89e017ea]]>
            </message>
            <full-stacktrace>
              <![CDATA[org.openqa.selenium.ElementClickInterceptedException: element click intercepted: Element <input _ngcontent-serverapp-c79="" formcontrolname="origincity" id="origincityid" type="text" placeholder="Origin City" class="mat-autocomplete-trigger form-control ng-untouched ng-pristine ng-valid" autocomplete="off" role="combobox" aria-autocomplete="list" aria-expanded="false" aria-haspopup="true"> is not clickable at point (213, 494). Other element would receive the click: <div id="menu" class="navbar-collapse collapse justify-content-end borderBottom menu-open">...</div>
  (Session info: headless chrome=99.0.4844.51)
Build info: version: '4.1.1', revision: 'e8fcc2cecf'
System info: host: 'DESKTOP-V39IGI5', ip: '192.168.124.1', os.name: 'Windows 10', os.arch: 'amd64', os.version: '10.0', java.version: '17.0.1'
Driver info: org.openqa.selenium.chrome.ChromeDriver
Command: [b4e9e5e211e665892f5a21ed89e017ea, clickElement {id=8f0bc4ce-b6a1-41e8-97ee-1be97c9f8d90}]
Capabilities {acceptInsecureCerts: false, browserName: chrome, browserVersion: 99.0.4844.51, chrome: {chromedriverVersion: 99.0.4844.51 (d537ec02474b5..., userDataDir: C:\Users\PRATIK~1\AppData\L...}, goog:chromeOptions: {debuggerAddress: localhost:57394}, javascriptEnabled: true, networkConnectionEnabled: false, pageLoadStrategy: normal, platform: WINDOWS, platformName: WINDOWS, proxy: Proxy(), se:cdp: ws://localhost:57394/devtoo..., se:cdpVersion: 99.0.4844.51, setWindowRect: true, strictFileInteractability: false, timeouts: {implicit: 0, pageLoad: 300000, script: 30000}, unhandledPromptBehavior: dismiss and notify, webauthn:extension:credBlob: true, webauthn:extension:largeBlob: true, webauthn:virtualAuthenticators: true}
Element: [[ChromeDriver: chrome on WINDOWS (b4e9e5e211e665892f5a21ed89e017ea)] -> id: origincityid]
Session ID: b4e9e5e211e665892f5a21ed89e017ea
at java.base/jdk.internal.reflect.NativeConstructorAccessorImpl.newInstance0(Native Method)
at java.base/jdk.internal.reflect.NativeConstructorAccessorImpl.newInstance(NativeConstructorAccessorImpl.java:77)
at java.base/jdk.internal.reflect.DelegatingConstructorAccessorImpl.newInstance(DelegatingConstructorAccessorImpl.java:45)
at java.base/java.lang.reflect.Constructor.newInstanceWithCaller(Constructor.java:499)
at java.base/java.lang.reflect.Constructor.newInstance(Constructor.java:480)
at org.openqa.selenium.remote.codec.w3c.W3CHttpResponseCodec.createException(W3CHttpResponseCodec.java:200)
at org.openqa.selenium.remote.codec.w3c.W3CHttpResponseCodec.decode(W3CHttpResponseCodec.java:133)
at org.openqa.selenium.remote.codec.w3c.W3CHttpResponseCodec.decode(W3CHttpResponseCodec.java:53)
at org.openqa.selenium.remote.HttpCommandExecutor.execute(HttpCommandExecutor.java:184)
at org.openqa.selenium.remote.service.DriverCommandExecutor.invokeExecute(DriverCommandExecutor.java:167)
at org.openqa.selenium.remote.service.DriverCommandExecutor.execute(DriverCommandExecutor.java:142)
at org.openqa.selenium.remote.RemoteWebDriver.execute(RemoteWebDriver.java:543)
at org.openqa.selenium.remote.RemoteWebElement.execute(RemoteWebElement.java:251)
at org.openqa.selenium.remote.RemoteWebElement.click(RemoteWebElement.java:77)
at java.base/jdk.internal.reflect.NativeMethodAccessorImpl.invoke0(Native Method)
at java.base/jdk.internal.reflect.NativeMethodAccessorImpl.invoke(NativeMethodAccessorImpl.java:77)
at java.base/jdk.internal.reflect.DelegatingMethodAccessorImpl.invoke(DelegatingMethodAccessorImpl.java:43)
at java.base/java.lang.reflect.Method.invoke(Method.java:568)
at org.openqa.selenium.support.pagefactory.internal.LocatingElementHandler.invoke(LocatingElementHandler.java:52)
at jdk.proxy2/jdk.proxy2.$Proxy19.click(Unknown Source)
at com.jp.qa.pages.Homepage.selectorigin(Homepage.java:95)
at com.jp.qa.pages.Homepage.searching_with_ori_des(Homepage.java:161)
at com.jp.qa.testcases.HomepageTest.searchTestWithFlight(HomepageTest.java:71)
at java.base/jdk.internal.reflect.NativeMethodAccessorImpl.invoke0(Native Method)
at java.base/jdk.internal.reflect.NativeMethodAccessorImpl.invoke(NativeMethodAccessorImpl.java:77)
at java.base/jdk.internal.reflect.DelegatingMethodAccessorImpl.invoke(DelegatingMethodAccessorImpl.java:43)
at java.base/java.lang.reflect.Method.invoke(Method.java:568)
at org.testng.internal.MethodInvocationHelper.invokeMethod(MethodInvocationHelper.java:133)
at org.testng.internal.TestInvoker.invokeMethod(TestInvoker.java:598)
at org.testng.internal.TestInvoker.invokeTestMethod(TestInvoker.java:173)
at org.testng.internal.MethodRunner.runInSequence(MethodRunner.java:46)
at org.testng.internal.TestInvoker$MethodInvocationAgent.invoke(TestInvoker.java:824)
at org.testng.internal.TestInvoker.invokeTestMethods(TestInvoker.java:146)
at org.testng.internal.TestMethodWorker.invokeTestMethods(TestMethodWorker.java:146)
at org.testng.internal.TestMethodWorker.run(TestMethodWorker.java:128)
at java.base/java.util.ArrayList.forEach(ArrayList.java:1511)
at org.testng.TestRunner.privateRun(TestRunner.java:794)
at org.testng.TestRunner.run(TestRunner.java:596)
at org.testng.SuiteRunner.runTest(SuiteRunner.java:377)
at org.testng.SuiteRunner.runSequentially(SuiteRunner.java:371)
at org.testng.SuiteRunner.privateRun(SuiteRunner.java:332)
at org.testng.SuiteRunner.run(SuiteRunner.java:276)
at org.testng.SuiteRunnerWorker.runSuite(SuiteRunnerWorker.java:53)
at org.testng.SuiteRunnerWorker.run(SuiteRunnerWorker.java:96)
at org.testng.TestNG.runSuitesSequentially(TestNG.java:1212)
at org.testng.TestNG.runSuitesLocally(TestNG.java:1134)
at org.testng.TestNG.runSuites(TestNG.java:1063)
at org.testng.TestNG.run(TestNG.java:1031)
at org.testng.remote.AbstractRemoteTestNG.run(AbstractRemoteTestNG.java:115)
at org.testng.remote.RemoteTestNG.initAndRun(RemoteTestNG.java:251)
at org.testng.remote.RemoteTestNG.main(RemoteTestNG.java:77)
]]>
            </full-stacktrace>
          </exception> <!-- org.openqa.selenium.ElementClickInterceptedException -->
          <reporter-output>
          </reporter-output>
        </test-method> <!-- searchTestWithFlight -->
        <test-method is-config="true" signature="AfterMethod(org.testng.ITestResult)[pri:0, instance:com.jp.qa.testcases.HomepageTest@e350b40]" started-at="2022-03-05T15:10:51 IST" name="AfterMethod" finished-at="2022-03-05T15:11:00 IST" duration-ms="9381" status="PASS">
          <params>
            <param index="0">
              <value>
                <![CDATA[[TestResult name=searchTestWithFlight status=FAILURE method=HomepageTest.searchTestWithFlight()[pri:4, instance:com.jp.qa.testcases.HomepageTest@e350b40] output={null}]]]>
              </value>
            </param>
          </params>
          <reporter-output>
          </reporter-output>
        </test-method> <!-- AfterMethod -->
        <test-method is-config="true" signature="flush()[pri:0, instance:com.jp.qa.testcases.HomepageTest@e350b40]" started-at="2022-03-05T15:11:00 IST" name="flush" finished-at="2022-03-05T15:11:01 IST" duration-ms="714" status="PASS">
          <reporter-output>
          </reporter-output>
        </test-method> <!-- flush -->
      </class> <!-- com.jp.qa.testcases.HomepageTest -->
    </test> <!-- Default test -->
  </suite> <!-- Default suite -->
</testng-results>
