<?xml version="1.0" encoding="UTF-8"?>
<testng-results ignored="3" total="4" passed="1" failed="0" skipped="0">
  <reporter-output>
  </reporter-output>
  <suite started-at="2022-03-15T14:46:57 IST" name="Default suite" finished-at="2022-03-15T14:47:15 IST" duration-ms="18042">
    <groups>
    </groups>
    <test started-at="2022-03-15T14:46:57 IST" name="Default test" finished-at="2022-03-15T14:47:15 IST" duration-ms="18042">
      <class name="com.jp.qa.testcases.GeneralPointsTest">
        <test-method is-config="true" signature="extendreport()[pri:0, instance:com.jp.qa.testcases.GeneralPointsTest@6574a52c]" started-at="2022-03-15T14:46:57 IST" name="extendreport" finished-at="2022-03-15T14:46:57 IST" duration-ms="562" status="PASS">
          <reporter-output>
          </reporter-output>
        </test-method> <!-- extendreport -->
        <test-method is-config="true" signature="browsersetup()[pri:0, instance:com.jp.qa.testcases.GeneralPointsTest@6574a52c]" started-at="2022-03-15T14:46:57 IST" name="browsersetup" finished-at="2022-03-15T14:47:04 IST" duration-ms="6816" status="PASS">
          <reporter-output>
          </reporter-output>
        </test-method> <!-- browsersetup -->
        <test-method is-config="true" signature="setup()[pri:0, instance:com.jp.qa.testcases.GeneralPointsTest@6574a52c]" started-at="2022-03-15T14:47:04 IST" name="setup" finished-at="2022-03-15T14:47:04 IST" duration-ms="56" status="PASS">
          <reporter-output>
          </reporter-output>
        </test-method> <!-- setup -->
        <test-method signature="value_searchbtn()[pri:4, instance:com.jp.qa.testcases.GeneralPointsTest@6574a52c]" started-at="2022-03-15T14:47:04 IST" name="value_searchbtn" finished-at="2022-03-15T14:47:14 IST" duration-ms="10175" status="PASS">
          <reporter-output>
          </reporter-output>
        </test-method> <!-- value_searchbtn -->
        <test-method is-config="true" signature="AfterMethod(org.testng.ITestResult)[pri:0, instance:com.jp.qa.testcases.GeneralPointsTest@6574a52c]" started-at="2022-03-15T14:47:14 IST" name="AfterMethod" finished-at="2022-03-15T14:47:15 IST" duration-ms="403" status="PASS">
          <params>
            <param index="0">
              <value>
                <![CDATA[[TestResult name=value_searchbtn status=SUCCESS method=GeneralPointsTest.value_searchbtn()[pri:4, instance:com.jp.qa.testcases.GeneralPointsTest@6574a52c] output={null}]]]>
              </value>
            </param>
          </params>
          <reporter-output>
          </reporter-output>
        </test-method> <!-- AfterMethod -->
        <test-method is-config="true" signature="flush()[pri:0, instance:com.jp.qa.testcases.GeneralPointsTest@6574a52c]" started-at="2022-03-15T14:47:15 IST" name="flush" finished-at="2022-03-15T14:47:15 IST" duration-ms="540" status="PASS">
          <reporter-output>
          </reporter-output>
        </test-method> <!-- flush -->
      </class> <!-- com.jp.qa.testcases.GeneralPointsTest -->
    </test> <!-- Default test -->
  </suite> <!-- Default suite -->
</testng-results>
