<?xml version="1.0" encoding="UTF-8"?>
<testng-results ignored="0" total="4" passed="4" failed="0" skipped="0">
  <reporter-output>
  </reporter-output>
  <suite started-at="2022-03-04T15:54:43 IST" name="Default suite" finished-at="2022-03-04T15:58:02 IST" duration-ms="198665">
    <groups>
    </groups>
    <test started-at="2022-03-04T15:54:43 IST" name="Default test" finished-at="2022-03-04T15:58:02 IST" duration-ms="198665">
      <class name="com.jp.qa.testcases.HomepageTest">
        <test-method is-config="true" signature="extendreport()[pri:0, instance:com.jp.qa.testcases.HomepageTest@e350b40]" started-at="2022-03-04T15:54:43 IST" name="extendreport" finished-at="2022-03-04T15:54:43 IST" duration-ms="583" status="PASS">
          <reporter-output>
          </reporter-output>
        </test-method> <!-- extendreport -->
        <test-method is-config="true" signature="browsersetup()[pri:0, instance:com.jp.qa.testcases.HomepageTest@e350b40]" started-at="2022-03-04T15:54:44 IST" name="browsersetup" finished-at="2022-03-04T15:54:48 IST" duration-ms="4464" status="PASS">
          <reporter-output>
          </reporter-output>
        </test-method> <!-- browsersetup -->
        <test-method is-config="true" signature="setup()[pri:0, instance:com.jp.qa.testcases.HomepageTest@e350b40]" started-at="2022-03-04T15:54:48 IST" name="setup" finished-at="2022-03-04T15:54:48 IST" duration-ms="31" status="PASS">
          <reporter-output>
          </reporter-output>
        </test-method> <!-- setup -->
        <test-method signature="homePageTitleTest()[pri:1, instance:com.jp.qa.testcases.HomepageTest@e350b40]" started-at="2022-03-04T15:54:48 IST" name="homePageTitleTest" finished-at="2022-03-04T15:55:01 IST" duration-ms="13102" status="PASS">
          <reporter-output>
          </reporter-output>
        </test-method> <!-- homePageTitleTest -->
        <test-method is-config="true" signature="AfterMethod(org.testng.ITestResult)[pri:0, instance:com.jp.qa.testcases.HomepageTest@e350b40]" started-at="2022-03-04T15:55:01 IST" name="AfterMethod" finished-at="2022-03-04T15:55:02 IST" duration-ms="466" status="PASS">
          <params>
            <param index="0">
              <value>
                <![CDATA[[TestResult name=homePageTitleTest status=SUCCESS method=HomepageTest.homePageTitleTest()[pri:1, instance:com.jp.qa.testcases.HomepageTest@e350b40] output={null}]]]>
              </value>
            </param>
          </params>
          <reporter-output>
          </reporter-output>
        </test-method> <!-- AfterMethod -->
        <test-method is-config="true" signature="browsersetup()[pri:0, instance:com.jp.qa.testcases.HomepageTest@e350b40]" started-at="2022-03-04T15:55:02 IST" name="browsersetup" finished-at="2022-03-04T15:55:05 IST" duration-ms="2931" status="PASS">
          <reporter-output>
          </reporter-output>
        </test-method> <!-- browsersetup -->
        <test-method is-config="true" signature="setup()[pri:0, instance:com.jp.qa.testcases.HomepageTest@e350b40]" started-at="2022-03-04T15:55:05 IST" name="setup" finished-at="2022-03-04T15:55:05 IST" duration-ms="2" status="PASS">
          <reporter-output>
          </reporter-output>
        </test-method> <!-- setup -->
        <test-method signature="blanksearch()[pri:2, instance:com.jp.qa.testcases.HomepageTest@e350b40]" started-at="2022-03-04T15:55:05 IST" name="blanksearch" finished-at="2022-03-04T15:55:21 IST" duration-ms="16131" status="PASS">
          <reporter-output>
          </reporter-output>
        </test-method> <!-- blanksearch -->
        <test-method is-config="true" signature="AfterMethod(org.testng.ITestResult)[pri:0, instance:com.jp.qa.testcases.HomepageTest@e350b40]" started-at="2022-03-04T15:55:21 IST" name="AfterMethod" finished-at="2022-03-04T15:55:21 IST" duration-ms="403" status="PASS">
          <params>
            <param index="0">
              <value>
                <![CDATA[[TestResult name=blanksearch status=SUCCESS method=HomepageTest.blanksearch()[pri:2, instance:com.jp.qa.testcases.HomepageTest@e350b40] output={null}]]]>
              </value>
            </param>
          </params>
          <reporter-output>
          </reporter-output>
        </test-method> <!-- AfterMethod -->
        <test-method is-config="true" signature="browsersetup()[pri:0, instance:com.jp.qa.testcases.HomepageTest@e350b40]" started-at="2022-03-04T15:55:21 IST" name="browsersetup" finished-at="2022-03-04T15:55:23 IST" duration-ms="2434" status="PASS">
          <reporter-output>
          </reporter-output>
        </test-method> <!-- browsersetup -->
        <test-method is-config="true" signature="setup()[pri:0, instance:com.jp.qa.testcases.HomepageTest@e350b40]" started-at="2022-03-04T15:55:23 IST" name="setup" finished-at="2022-03-04T15:55:23 IST" duration-ms="3" status="PASS">
          <reporter-output>
          </reporter-output>
        </test-method> <!-- setup -->
        <test-method signature="searchTestWithoutFlight()[pri:3, instance:com.jp.qa.testcases.HomepageTest@e350b40]" started-at="2022-03-04T15:55:23 IST" name="searchTestWithoutFlight" finished-at="2022-03-04T15:56:20 IST" duration-ms="56055" status="PASS">
          <reporter-output>
          </reporter-output>
        </test-method> <!-- searchTestWithoutFlight -->
        <test-method is-config="true" signature="AfterMethod(org.testng.ITestResult)[pri:0, instance:com.jp.qa.testcases.HomepageTest@e350b40]" started-at="2022-03-04T15:56:20 IST" name="AfterMethod" finished-at="2022-03-04T15:56:20 IST" duration-ms="373" status="PASS">
          <params>
            <param index="0">
              <value>
                <![CDATA[[TestResult name=searchTestWithoutFlight status=SUCCESS method=HomepageTest.searchTestWithoutFlight()[pri:3, instance:com.jp.qa.testcases.HomepageTest@e350b40] output={null}]]]>
              </value>
            </param>
          </params>
          <reporter-output>
          </reporter-output>
        </test-method> <!-- AfterMethod -->
        <test-method is-config="true" signature="browsersetup()[pri:0, instance:com.jp.qa.testcases.HomepageTest@e350b40]" started-at="2022-03-04T15:56:20 IST" name="browsersetup" finished-at="2022-03-04T15:56:22 IST" duration-ms="2462" status="PASS">
          <reporter-output>
          </reporter-output>
        </test-method> <!-- browsersetup -->
        <test-method is-config="true" signature="setup()[pri:0, instance:com.jp.qa.testcases.HomepageTest@e350b40]" started-at="2022-03-04T15:56:22 IST" name="setup" finished-at="2022-03-04T15:56:22 IST" duration-ms="7" status="PASS">
          <reporter-output>
          </reporter-output>
        </test-method> <!-- setup -->
        <test-method signature="searchTestWithFlight()[pri:4, instance:com.jp.qa.testcases.HomepageTest@e350b40]" started-at="2022-03-04T15:56:22 IST" name="searchTestWithFlight" finished-at="2022-03-04T15:58:01 IST" duration-ms="98844" status="PASS">
          <reporter-output>
          </reporter-output>
        </test-method> <!-- searchTestWithFlight -->
        <test-method is-config="true" signature="AfterMethod(org.testng.ITestResult)[pri:0, instance:com.jp.qa.testcases.HomepageTest@e350b40]" started-at="2022-03-04T15:58:01 IST" name="AfterMethod" finished-at="2022-03-04T15:58:02 IST" duration-ms="265" status="PASS">
          <params>
            <param index="0">
              <value>
                <![CDATA[[TestResult name=searchTestWithFlight status=SUCCESS method=HomepageTest.searchTestWithFlight()[pri:4, instance:com.jp.qa.testcases.HomepageTest@e350b40] output={null}]]]>
              </value>
            </param>
          </params>
          <reporter-output>
          </reporter-output>
        </test-method> <!-- AfterMethod -->
        <test-method is-config="true" signature="flush()[pri:0, instance:com.jp.qa.testcases.HomepageTest@e350b40]" started-at="2022-03-04T15:58:02 IST" name="flush" finished-at="2022-03-04T15:58:02 IST" duration-ms="626" status="PASS">
          <reporter-output>
          </reporter-output>
        </test-method> <!-- flush -->
      </class> <!-- com.jp.qa.testcases.HomepageTest -->
    </test> <!-- Default test -->
  </suite> <!-- Default suite -->
</testng-results>
