<?xml version="1.0" encoding="UTF-8"?>
<!-- Generated by org.testng.reporters.JUnitXMLReporter -->
<testsuite ignored="3" hostname="DESKTOP-V39IGI5" failures="0" tests="1" name="Default test" time="18.042" errors="0" timestamp="2022-03-15T14:47:15 IST">
  <testcase classname="com.jp.qa.testcases.GeneralPointsTest" name="value_searchbtn" time="10.175"/>
  <testcase classname="com.jp.qa.testcases.GeneralPointsTest" name="domain_Test" time="0.0">
    <ignored/>
  </testcase> <!-- domain_Test -->
  <testcase classname="com.jp.qa.testcases.GeneralPointsTest" name="Title_Test" time="0.0">
    <ignored/>
  </testcase> <!-- Title_Test -->
  <testcase classname="com.jp.qa.testcases.GeneralPointsTest" name="URL_Test" time="0.0">
    <ignored/>
  </testcase> <!-- URL_Test -->
</testsuite> <!-- Default test -->
