<?xml version="1.0" encoding="UTF-8"?>
<!-- Generated by org.testng.reporters.JUnitXMLReporter -->
<testsuite ignored="0" hostname="DESKTOP-V39IGI5" failures="0" tests="4" name="Default test" time="198.665" errors="0" timestamp="2022-03-04T15:58:02 IST">
  <testcase classname="com.jp.qa.testcases.HomepageTest" name="homePageTitleTest" time="13.102"/>
  <testcase classname="com.jp.qa.testcases.HomepageTest" name="blanksearch" time="16.131"/>
  <testcase classname="com.jp.qa.testcases.HomepageTest" name="searchTestWithoutFlight" time="56.055"/>
  <testcase classname="com.jp.qa.testcases.HomepageTest" name="searchTestWithFlight" time="98.844"/>
</testsuite> <!-- Default test -->
