<?xml version="1.0" encoding="UTF-8"?>
<!-- Generated by org.testng.reporters.JUnitXMLReporter -->
<testsuite ignored="8" hostname="DESKTOP-V39IGI5" failures="0" tests="14" name="Test" time="1357.797" errors="0" timestamp="2022-02-23T18:14:12 IST">
  <testcase classname="com.jp.qa.testcases.Homepagetestcases" name="homePageTitleTest" time="5.036"/>
  <testcase classname="com.jp.qa.testcases.Homepagetestcases" name="blanksearch" time="16.119"/>
  <testcase classname="com.jp.qa.testcases.Homepagetestcases" name="searchTestWithoutFlight" time="56.022"/>
  <testcase classname="com.jp.qa.testcases.Homepagetestcases" name="searchTestWithFlight" time="103.862"/>
  <testcase classname="com.jp.qa.testcases.Packagelistingtestcases" name="customizedpopup_redirectwithoutflight" time="64.169"/>
  <testcase classname="com.jp.qa.testcases.Packagelistingtestcases" name="customizedpopup_redirectwithflight" time="106.998"/>
  <testcase classname="com.jp.qa.testcases.Cutomizedpopuptestcases" name="withoutflight_poptest" time="79.46"/>
  <testcase classname="com.jp.qa.testcases.Cutomizedpopuptestcases" name="withflight_poptest" time="122.286"/>
  <testcase classname="com.jp.qa.testcases.PackageDetailPagetestcases" name="guestroomDropdown" time="97.965"/>
  <testcase classname="com.jp.qa.testcases.PackageDetailPagetestcases" name="hotelPopup" time="153.819"/>
  <testcase classname="com.jp.qa.testcases.ChangeHotelPopuptestcases" name="withoutflight_changeHotel" time="99.264"/>
  <testcase classname="com.jp.qa.testcases.ChangeHotelPopuptestcases" name="withoutflight_crossbtn" time="103.052"/>
  <testcase classname="com.jp.qa.testcases.ChangeHotelPopuptestcases" name="withflight_changeHotel" time="150.007"/>
  <testcase classname="com.jp.qa.testcases.ChangeHotelPopuptestcases" name="withflight_crossbtn" time="152.99"/>
  <testcase classname="com.jp.qa.base.BaseClass" name="@BeforeSuite extendreport" time="0.0">
    <ignored/>
  </testcase> <!-- @BeforeSuite extendreport -->
  <testcase classname="com.jp.qa.base.BaseClass" name="@BeforeSuite extendreport" time="0.0">
    <ignored/>
  </testcase> <!-- @BeforeSuite extendreport -->
  <testcase classname="com.jp.qa.base.BaseClass" name="@BeforeSuite extendreport" time="0.0">
    <ignored/>
  </testcase> <!-- @BeforeSuite extendreport -->
  <testcase classname="com.jp.qa.base.BaseClass" name="@BeforeSuite extendreport" time="0.0">
    <ignored/>
  </testcase> <!-- @BeforeSuite extendreport -->
  <testcase classname="com.jp.qa.base.BaseClass" name="@AfterSuite flush" time="0.0">
    <ignored/>
  </testcase> <!-- @AfterSuite flush -->
  <testcase classname="com.jp.qa.base.BaseClass" name="@AfterSuite flush" time="0.0">
    <ignored/>
  </testcase> <!-- @AfterSuite flush -->
  <testcase classname="com.jp.qa.base.BaseClass" name="@AfterSuite flush" time="0.0">
    <ignored/>
  </testcase> <!-- @AfterSuite flush -->
  <testcase classname="com.jp.qa.base.BaseClass" name="@AfterSuite flush" time="0.0">
    <ignored/>
  </testcase> <!-- @AfterSuite flush -->
</testsuite> <!-- Test -->
