<?xml version="1.0" encoding="UTF-8"?>
<testsuite name="Test"
           tests="4"
           failures="0"
           errors="0"
           skipped="0"
           time="504.776">
  <properties />
  
  
            <testcase name="withflight_changeHotel" time="149.390" classname="com.jp.qa.testcases.ChangeHotelPopupsTest" />
                <testcase name="withoutflight_crossbtn" time="103.366" classname="com.jp.qa.testcases.ChangeHotelPopupsTest" />
                <testcase name="withflight_crossbtn" time="153.364" classname="com.jp.qa.testcases.ChangeHotelPopupsTest" />
                <testcase name="withoutflight_changeHotel" time="98.656" classname="com.jp.qa.testcases.ChangeHotelPopupsTest" />
      
</testsuite>
