<?xml version="1.0" encoding="UTF-8"?>
<testsuite name="Test"
           tests="4"
           failures="0"
           errors="0"
           skipped="0"
           time="181.039">
  <properties />
  
  
            <testcase name="searchTestWithoutFlight" time="56.022" classname="com.jp.qa.testcases.Homepagetestcases" />
                <testcase name="blanksearch" time="16.119" classname="com.jp.qa.testcases.Homepagetestcases" />
                <testcase name="homePageTitleTest" time="5.036" classname="com.jp.qa.testcases.Homepagetestcases" />
                <testcase name="searchTestWithFlight" time="103.862" classname="com.jp.qa.testcases.Homepagetestcases" />
      
</testsuite>
