<?xml version="1.0" encoding="UTF-8"?>
<testsuite name="Test"
           tests="4"
           failures="0"
           errors="0"
           skipped="0"
           time="505.313">
  <properties />
  
  
            <testcase name="withflight_changeHotel" time="150.007" classname="com.jp.qa.testcases.ChangeHotelPopuptestcases" />
                <testcase name="withflight_crossbtn" time="152.990" classname="com.jp.qa.testcases.ChangeHotelPopuptestcases" />
                <testcase name="withoutflight_changeHotel" time="99.264" classname="com.jp.qa.testcases.ChangeHotelPopuptestcases" />
                <testcase name="withoutflight_crossbtn" time="103.052" classname="com.jp.qa.testcases.ChangeHotelPopuptestcases" />
      
</testsuite>
